{"contracts\\ControlContract.sol":{"l":{"145":12,"146":12,"147":12,"148":12,"149":12,"150":12,"151":12,"152":12,"155":12,"156":0,"158":12,"174":18,"175":18,"176":18,"208":1,"218":0,"225":0,"253":19,"254":19,"256":19,"257":19,"259":19,"260":19,"261":19,"271":19,"274":1,"276":18,"277":1,"280":17,"281":17,"282":17,"284":22,"289":1,"292":21,"293":21,"294":21,"295":21,"300":16,"301":16,"302":16,"303":16,"305":16,"329":12,"330":12,"331":0,"334":12,"336":9,"337":9,"339":9,"341":9,"343":9,"344":9,"345":9,"346":9,"347":9,"349":9,"351":9,"368":9,"369":9,"393":12,"395":12,"396":0,"400":12,"403":4,"405":1,"409":11,"410":11,"411":11,"412":11,"413":11,"414":11,"415":11,"417":11,"436":41,"437":41,"438":41,"439":41,"441":41,"442":41,"443":52,"444":52,"448":41,"453":41,"454":41,"455":52,"456":52,"461":41,"462":41,"467":41,"469":41,"470":41,"472":41,"473":45,"474":45,"475":38,"476":38,"477":38,"480":45,"481":38,"485":41,"486":3,"489":38,"490":6,"492":38,"493":38,"495":38,"510":4,"526":45,"527":45,"528":6,"531":6,"532":2,"546":27,"548":27,"550":24,"551":24,"552":0,"555":24,"556":1,"559":23,"560":0,"563":23,"565":23,"567":23,"568":23,"569":23,"571":23,"572":23,"573":23,"574":23,"577":23,"579":18,"581":18,"582":17,"584":16,"589":21,"604":1,"612":18,"613":18,"614":0,"616":18,"617":0,"619":18,"620":0,"622":18,"633":16,"654":24,"655":24,"657":24,"658":24,"660":24,"661":24,"662":24,"665":24,"666":24,"667":24,"668":24,"669":24,"670":24,"673":24,"689":42,"690":42,"691":42,"692":42,"694":0,"709":56,"722":9},"path":"G:\\_projects\\intercoin\\ControlContract\\src\\contracts\\ControlContract.sol","s":{"1":12,"2":12,"3":12,"4":12,"5":12,"6":12,"7":12,"8":12,"9":12,"10":1,"11":0,"12":0,"13":19,"14":19,"15":19,"16":19,"17":19,"18":19,"19":19,"20":19,"21":18,"22":17,"23":17,"24":17,"25":22,"26":21,"27":21,"28":21,"29":21,"30":16,"31":16,"32":16,"33":16,"34":16,"35":12,"36":12,"37":12,"38":9,"39":9,"40":9,"41":9,"42":9,"43":9,"44":9,"45":9,"46":9,"47":9,"48":9,"49":9,"50":9,"51":12,"52":12,"53":12,"54":4,"55":11,"56":11,"57":11,"58":11,"59":11,"60":11,"61":11,"62":11,"63":41,"64":41,"65":41,"66":41,"67":41,"68":41,"69":52,"70":52,"71":41,"72":41,"73":41,"74":52,"75":52,"76":41,"77":41,"78":41,"79":41,"80":41,"81":41,"82":45,"83":45,"84":38,"85":38,"86":45,"87":41,"88":38,"89":6,"90":38,"91":38,"92":38,"93":4,"94":45,"95":45,"96":6,"97":6,"98":2,"99":27,"100":27,"101":24,"102":24,"103":24,"104":23,"105":23,"106":23,"107":23,"108":23,"109":23,"110":23,"111":23,"112":23,"113":23,"114":23,"115":18,"116":18,"117":17,"118":21,"119":1,"120":18,"121":18,"122":18,"123":18,"124":18,"125":16,"126":24,"127":24,"128":24,"129":24,"130":24,"131":24,"132":24,"133":24,"134":24,"135":24,"136":24,"137":24,"138":24,"139":24,"140":42,"141":42,"142":42,"143":42,"144":0,"145":56,"146":9},"b":{"1":[12,0],"2":[0,12],"3":[1,18],"4":[1,17],"5":[1,21],"6":[0,12],"7":[0,12],"8":[8,4],"9":[3,1],"10":[41,11],"11":[41,11],"12":[38,7],"13":[38,7],"14":[3,38],"15":[6,32],"16":[6,39],"17":[2,4],"18":[3,24],"19":[0,24],"20":[1,23],"21":[0,23],"22":[23,0],"23":[18,5],"24":[17,1],"25":[0,18],"26":[0,18],"27":[0,18],"28":[24,0],"29":[24,0],"30":[42,0]},"f":{"1":12,"2":1,"3":1,"4":1,"5":0,"6":0,"7":19,"8":12,"9":9,"10":12,"11":41,"12":4,"13":45,"14":27,"15":1,"16":18,"17":24,"18":42,"19":56,"20":9},"fnMap":{"1":{"name":"canInvoke","line":139,"loc":{"start":{"line":139,"column":4},"end":{"line":159,"column":4}}},"2":{"name":"tokensReceived","line":179,"loc":{"start":{"line":179,"column":4},"end":{"line":188,"column":4}}},"3":{"name":"tokensToSend","line":190,"loc":{"start":{"line":190,"column":4},"end":{"line":199,"column":4}}},"4":{"name":"onERC1155Received","line":201,"loc":{"start":{"line":201,"column":4},"end":{"line":209,"column":4}}},"5":{"name":"onERC1155BatchReceived","line":211,"loc":{"start":{"line":211,"column":4},"end":{"line":219,"column":4}}},"6":{"name":"supportsInterface","line":224,"loc":{"start":{"line":224,"column":4},"end":{"line":226,"column":4}}},"7":{"name":"init","line":251,"loc":{"start":{"line":243,"column":4},"end":{"line":310,"column":4}}},"8":{"name":"invoke","line":326,"loc":{"start":{"line":320,"column":4},"end":{"line":356,"column":4}}},"9":{"name":"endorse","line":363,"loc":{"start":{"line":363,"column":4},"end":{"line":370,"column":4}}},"10":{"name":"addMethod","line":391,"loc":{"start":{"line":382,"column":4},"end":{"line":422,"column":4}}},"11":{"name":"heartbeat","line":431,"loc":{"start":{"line":431,"column":4},"end":{"line":497,"column":4}}},"12":{"name":"getExpectGroupIndex","line":504,"loc":{"start":{"line":504,"column":4},"end":{"line":511,"column":4}}},"13":{"name":"_getExpectGroupIndex","line":520,"loc":{"start":{"line":520,"column":4},"end":{"line":535,"column":4}}},"14":{"name":"_endorse","line":544,"loc":{"start":{"line":540,"column":4},"end":{"line":594,"column":4}}},"15":{"name":"execute","line":602,"loc":{"start":{"line":598,"column":4},"end":{"line":605,"column":4}}},"16":{"name":"_execute","line":607,"loc":{"start":{"line":607,"column":4},"end":{"line":634,"column":4}}},"17":{"name":"getEndorsedRoles","line":645,"loc":{"start":{"line":645,"column":4},"end":{"line":674,"column":4}}},"18":{"name":"roleAdd","line":683,"loc":{"start":{"line":683,"column":4},"end":{"line":696,"column":4}}},"19":{"name":"roleExists","line":702,"loc":{"start":{"line":702,"column":4},"end":{"line":710,"column":4}}},"20":{"name":"generateInvokeID","line":716,"loc":{"start":{"line":716,"column":4},"end":{"line":727,"column":4}}}},"statementMap":{"1":{"start":{"line":145,"column":8},"end":{"line":145,"column":22}},"2":{"start":{"line":146,"column":8},"end":{"line":146,"column":71}},"3":{"start":{"line":147,"column":8},"end":{"line":147,"column":49}},"4":{"start":{"line":148,"column":8},"end":{"line":148,"column":24}},"5":{"start":{"line":149,"column":8},"end":{"line":149,"column":77}},"6":{"start":{"line":150,"column":8},"end":{"line":150,"column":12384}},"7":{"start":{"line":151,"column":12},"end":{"line":151,"column":12448}},"8":{"start":{"line":152,"column":16},"end":{"line":152,"column":23}},"9":{"start":{"line":155,"column":8},"end":{"line":155,"column":12570}},"10":{"start":{"line":208,"column":8},"end":{"line":208,"column":92}},"11":{"start":{"line":218,"column":8},"end":{"line":218,"column":101}},"12":{"start":{"line":225,"column":8},"end":{"line":225,"column":64}},"13":{"start":{"line":253,"column":8},"end":{"line":253,"column":45}},"14":{"start":{"line":254,"column":8},"end":{"line":254,"column":35}},"15":{"start":{"line":256,"column":8},"end":{"line":256,"column":23}},"16":{"start":{"line":257,"column":8},"end":{"line":257,"column":31}},"17":{"start":{"line":259,"column":8},"end":{"line":259,"column":39}},"18":{"start":{"line":260,"column":8},"end":{"line":260,"column":24}},"19":{"start":{"line":261,"column":8},"end":{"line":261,"column":30}},"20":{"start":{"line":271,"column":8},"end":{"line":271,"column":16334}},"21":{"start":{"line":276,"column":8},"end":{"line":276,"column":16516}},"22":{"start":{"line":280,"column":8},"end":{"line":280,"column":28}},"23":{"start":{"line":281,"column":8},"end":{"line":281,"column":40}},"24":{"start":{"line":282,"column":8},"end":{"line":282,"column":16679}},"25":{"start":{"line":284,"column":12},"end":{"line":284,"column":16758}},"26":{"start":{"line":292,"column":12},"end":{"line":292,"column":42}},"27":{"start":{"line":293,"column":12},"end":{"line":293,"column":51}},"28":{"start":{"line":294,"column":12},"end":{"line":294,"column":71}},"29":{"start":{"line":295,"column":12},"end":{"line":295,"column":73}},"30":{"start":{"line":300,"column":8},"end":{"line":300,"column":103}},"31":{"start":{"line":301,"column":8},"end":{"line":301,"column":104}},"32":{"start":{"line":302,"column":8},"end":{"line":302,"column":111}},"33":{"start":{"line":303,"column":8},"end":{"line":303,"column":114}},"34":{"start":{"line":305,"column":8},"end":{"line":305,"column":17867}},"35":{"start":{"line":329,"column":8},"end":{"line":329,"column":71}},"36":{"start":{"line":330,"column":8},"end":{"line":330,"column":18701}},"37":{"start":{"line":334,"column":8},"end":{"line":334,"column":18}},"38":{"start":{"line":336,"column":8},"end":{"line":336,"column":36}},"39":{"start":{"line":337,"column":8},"end":{"line":337,"column":37}},"40":{"start":{"line":339,"column":8},"end":{"line":339,"column":72}},"41":{"start":{"line":341,"column":8},"end":{"line":341,"column":85}},"42":{"start":{"line":343,"column":8},"end":{"line":343,"column":76}},"43":{"start":{"line":344,"column":8},"end":{"line":344,"column":80}},"44":{"start":{"line":345,"column":8},"end":{"line":345,"column":69}},"45":{"start":{"line":346,"column":8},"end":{"line":346,"column":82}},"46":{"start":{"line":347,"column":8},"end":{"line":347,"column":84}},"47":{"start":{"line":349,"column":8},"end":{"line":349,"column":67}},"48":{"start":{"line":351,"column":8},"end":{"line":351,"column":19613}},"49":{"start":{"line":368,"column":8},"end":{"line":368,"column":18}},"50":{"start":{"line":369,"column":8},"end":{"line":369,"column":25}},"51":{"start":{"line":393,"column":8},"end":{"line":393,"column":71}},"52":{"start":{"line":395,"column":8},"end":{"line":395,"column":20775}},"53":{"start":{"line":400,"column":8},"end":{"line":400,"column":20972}},"54":{"start":{"line":403,"column":12},"end":{"line":403,"column":21040}},"55":{"start":{"line":409,"column":8},"end":{"line":409,"column":31}},"56":{"start":{"line":410,"column":8},"end":{"line":410,"column":40}},"57":{"start":{"line":411,"column":8},"end":{"line":411,"column":33}},"58":{"start":{"line":412,"column":8},"end":{"line":412,"column":35}},"59":{"start":{"line":413,"column":8},"end":{"line":413,"column":37}},"60":{"start":{"line":414,"column":8},"end":{"line":414,"column":63}},"61":{"start":{"line":415,"column":8},"end":{"line":415,"column":65}},"62":{"start":{"line":417,"column":8},"end":{"line":417,"column":21583}},"63":{"start":{"line":436,"column":8},"end":{"line":436,"column":23}},"64":{"start":{"line":437,"column":8},"end":{"line":437,"column":22}},"65":{"start":{"line":438,"column":8},"end":{"line":438,"column":49}},"66":{"start":{"line":439,"column":8},"end":{"line":439,"column":30}},"67":{"start":{"line":441,"column":8},"end":{"line":441,"column":77}},"68":{"start":{"line":442,"column":8},"end":{"line":442,"column":22310}},"69":{"start":{"line":443,"column":12},"end":{"line":443,"column":22372}},"70":{"start":{"line":444,"column":16},"end":{"line":444,"column":22440}},"71":{"start":{"line":448,"column":20},"end":{"line":448,"column":27}},"72":{"start":{"line":453,"column":8},"end":{"line":453,"column":61}},"73":{"start":{"line":454,"column":8},"end":{"line":454,"column":22759}},"74":{"start":{"line":455,"column":12},"end":{"line":455,"column":22821}},"75":{"start":{"line":456,"column":16},"end":{"line":456,"column":22889}},"76":{"start":{"line":461,"column":20},"end":{"line":461,"column":42}},"77":{"start":{"line":462,"column":20},"end":{"line":462,"column":26}},"78":{"start":{"line":467,"column":8},"end":{"line":467,"column":57}},"79":{"start":{"line":469,"column":8},"end":{"line":469,"column":28}},"80":{"start":{"line":470,"column":8},"end":{"line":470,"column":28}},"81":{"start":{"line":472,"column":8},"end":{"line":472,"column":23331}},"82":{"start":{"line":473,"column":12},"end":{"line":473,"column":23397}},"83":{"start":{"line":474,"column":16},"end":{"line":474,"column":23473}},"84":{"start":{"line":475,"column":20},"end":{"line":475,"column":35}},"85":{"start":{"line":476,"column":20},"end":{"line":476,"column":33}},"86":{"start":{"line":480,"column":12},"end":{"line":480,"column":23645}},"87":{"start":{"line":485,"column":8},"end":{"line":485,"column":23712}},"88":{"start":{"line":489,"column":8},"end":{"line":489,"column":23839}},"89":{"start":{"line":490,"column":12},"end":{"line":490,"column":91}},"90":{"start":{"line":492,"column":8},"end":{"line":492,"column":39}},"91":{"start":{"line":493,"column":8},"end":{"line":493,"column":58}},"92":{"start":{"line":495,"column":8},"end":{"line":495,"column":58}},"93":{"start":{"line":510,"column":8},"end":{"line":510,"column":37}},"94":{"start":{"line":526,"column":8},"end":{"line":526,"column":32}},"95":{"start":{"line":527,"column":8},"end":{"line":527,"column":24820}},"96":{"start":{"line":528,"column":12},"end":{"line":528,"column":24923}},"97":{"start":{"line":531,"column":12},"end":{"line":531,"column":25078}},"98":{"start":{"line":532,"column":16},"end":{"line":532,"column":38}},"99":{"start":{"line":546,"column":8},"end":{"line":546,"column":84}},"100":{"start":{"line":548,"column":8},"end":{"line":548,"column":73}},"101":{"start":{"line":550,"column":8},"end":{"line":550,"column":95}},"102":{"start":{"line":551,"column":8},"end":{"line":551,"column":25712}},"103":{"start":{"line":555,"column":8},"end":{"line":555,"column":25817}},"104":{"start":{"line":559,"column":8},"end":{"line":559,"column":25959}},"105":{"start":{"line":563,"column":8},"end":{"line":563,"column":51}},"106":{"start":{"line":565,"column":8},"end":{"line":565,"column":58}},"107":{"start":{"line":567,"column":8},"end":{"line":567,"column":27}},"108":{"start":{"line":568,"column":8},"end":{"line":568,"column":26227}},"109":{"start":{"line":569,"column":12},"end":{"line":569,"column":78}},"110":{"start":{"line":571,"column":12},"end":{"line":571,"column":23}},"111":{"start":{"line":572,"column":12},"end":{"line":572,"column":67}},"112":{"start":{"line":573,"column":12},"end":{"line":573,"column":26482}},"113":{"start":{"line":574,"column":16},"end":{"line":574,"column":38}},"114":{"start":{"line":577,"column":12},"end":{"line":577,"column":26598}},"115":{"start":{"line":579,"column":16},"end":{"line":579,"column":63}},"116":{"start":{"line":581,"column":16},"end":{"line":581,"column":26736}},"117":{"start":{"line":582,"column":20},"end":{"line":582,"column":37}},"118":{"start":{"line":589,"column":8},"end":{"line":589,"column":26880}},"119":{"start":{"line":604,"column":8},"end":{"line":604,"column":25}},"120":{"start":{"line":612,"column":8},"end":{"line":612,"column":84}},"121":{"start":{"line":613,"column":8},"end":{"line":613,"column":27445}},"122":{"start":{"line":616,"column":8},"end":{"line":616,"column":27543}},"123":{"start":{"line":619,"column":8},"end":{"line":619,"column":27641}},"124":{"start":{"line":622,"column":8},"end":{"line":622,"column":27775}},"125":{"start":{"line":633,"column":8},"end":{"line":633,"column":58}},"126":{"start":{"line":654,"column":8},"end":{"line":654,"column":49}},"127":{"start":{"line":655,"column":8},"end":{"line":655,"column":24}},"128":{"start":{"line":657,"column":8},"end":{"line":657,"column":77}},"129":{"start":{"line":658,"column":8},"end":{"line":658,"column":19}},"130":{"start":{"line":660,"column":8},"end":{"line":660,"column":28783}},"131":{"start":{"line":661,"column":12},"end":{"line":661,"column":28844}},"132":{"start":{"line":662,"column":16},"end":{"line":662,"column":23}},"133":{"start":{"line":665,"column":8},"end":{"line":665,"column":46}},"134":{"start":{"line":666,"column":8},"end":{"line":666,"column":21}},"135":{"start":{"line":667,"column":8},"end":{"line":667,"column":29088}},"136":{"start":{"line":668,"column":12},"end":{"line":668,"column":29152}},"137":{"start":{"line":669,"column":16},"end":{"line":669,"column":36}},"138":{"start":{"line":670,"column":16},"end":{"line":670,"column":21}},"139":{"start":{"line":673,"column":8},"end":{"line":673,"column":19}},"140":{"start":{"line":689,"column":8},"end":{"line":689,"column":29662}},"141":{"start":{"line":690,"column":12},"end":{"line":690,"column":29}},"142":{"start":{"line":691,"column":12},"end":{"line":691,"column":42}},"143":{"start":{"line":692,"column":12},"end":{"line":692,"column":32}},"144":{"start":{"line":694,"column":12},"end":{"line":694,"column":34}},"145":{"start":{"line":709,"column":8},"end":{"line":709,"column":50}},"146":{"start":{"line":722,"column":8},"end":{"line":722,"column":30410}}},"branchMap":{"1":{"line":151,"type":"if","locations":[{"start":{"line":151,"column":12},"end":{"line":151,"column":12}},{"start":{"line":151,"column":12},"end":{"line":151,"column":12}}]},"2":{"line":155,"type":"if","locations":[{"start":{"line":155,"column":8},"end":{"line":155,"column":8}},{"start":{"line":155,"column":8},"end":{"line":155,"column":8}}]},"3":{"line":271,"type":"if","locations":[{"start":{"line":271,"column":8},"end":{"line":271,"column":8}},{"start":{"line":271,"column":8},"end":{"line":271,"column":8}}]},"4":{"line":276,"type":"if","locations":[{"start":{"line":276,"column":8},"end":{"line":276,"column":8}},{"start":{"line":276,"column":8},"end":{"line":276,"column":8}}]},"5":{"line":284,"type":"if","locations":[{"start":{"line":284,"column":12},"end":{"line":284,"column":12}},{"start":{"line":284,"column":12},"end":{"line":284,"column":12}}]},"6":{"line":330,"type":"if","locations":[{"start":{"line":330,"column":8},"end":{"line":330,"column":8}},{"start":{"line":330,"column":8},"end":{"line":330,"column":8}}]},"7":{"line":395,"type":"if","locations":[{"start":{"line":395,"column":8},"end":{"line":395,"column":8}},{"start":{"line":395,"column":8},"end":{"line":395,"column":8}}]},"8":{"line":400,"type":"if","locations":[{"start":{"line":400,"column":8},"end":{"line":400,"column":8}},{"start":{"line":400,"column":8},"end":{"line":400,"column":8}}]},"9":{"line":403,"type":"if","locations":[{"start":{"line":403,"column":12},"end":{"line":403,"column":12}},{"start":{"line":403,"column":12},"end":{"line":403,"column":12}}]},"10":{"line":444,"type":"if","locations":[{"start":{"line":444,"column":16},"end":{"line":444,"column":16}},{"start":{"line":444,"column":16},"end":{"line":444,"column":16}}]},"11":{"line":456,"type":"if","locations":[{"start":{"line":456,"column":16},"end":{"line":456,"column":16}},{"start":{"line":456,"column":16},"end":{"line":456,"column":16}}]},"12":{"line":474,"type":"if","locations":[{"start":{"line":474,"column":16},"end":{"line":474,"column":16}},{"start":{"line":474,"column":16},"end":{"line":474,"column":16}}]},"13":{"line":480,"type":"if","locations":[{"start":{"line":480,"column":12},"end":{"line":480,"column":12}},{"start":{"line":480,"column":12},"end":{"line":480,"column":12}}]},"14":{"line":485,"type":"if","locations":[{"start":{"line":485,"column":8},"end":{"line":485,"column":8}},{"start":{"line":485,"column":8},"end":{"line":485,"column":8}}]},"15":{"line":489,"type":"if","locations":[{"start":{"line":489,"column":8},"end":{"line":489,"column":8}},{"start":{"line":489,"column":8},"end":{"line":489,"column":8}}]},"16":{"line":527,"type":"if","locations":[{"start":{"line":527,"column":8},"end":{"line":527,"column":8}},{"start":{"line":527,"column":8},"end":{"line":527,"column":8}}]},"17":{"line":531,"type":"if","locations":[{"start":{"line":531,"column":12},"end":{"line":531,"column":12}},{"start":{"line":531,"column":12},"end":{"line":531,"column":12}}]},"18":{"line":548,"type":"if","locations":[{"start":{"line":548,"column":8},"end":{"line":548,"column":8}},{"start":{"line":548,"column":8},"end":{"line":548,"column":8}}]},"19":{"line":551,"type":"if","locations":[{"start":{"line":551,"column":8},"end":{"line":551,"column":8}},{"start":{"line":551,"column":8},"end":{"line":551,"column":8}}]},"20":{"line":555,"type":"if","locations":[{"start":{"line":555,"column":8},"end":{"line":555,"column":8}},{"start":{"line":555,"column":8},"end":{"line":555,"column":8}}]},"21":{"line":559,"type":"if","locations":[{"start":{"line":559,"column":8},"end":{"line":559,"column":8}},{"start":{"line":559,"column":8},"end":{"line":559,"column":8}}]},"22":{"line":573,"type":"if","locations":[{"start":{"line":573,"column":12},"end":{"line":573,"column":12}},{"start":{"line":573,"column":12},"end":{"line":573,"column":12}}]},"23":{"line":577,"type":"if","locations":[{"start":{"line":577,"column":12},"end":{"line":577,"column":12}},{"start":{"line":577,"column":12},"end":{"line":577,"column":12}}]},"24":{"line":581,"type":"if","locations":[{"start":{"line":581,"column":16},"end":{"line":581,"column":16}},{"start":{"line":581,"column":16},"end":{"line":581,"column":16}}]},"25":{"line":613,"type":"if","locations":[{"start":{"line":613,"column":8},"end":{"line":613,"column":8}},{"start":{"line":613,"column":8},"end":{"line":613,"column":8}}]},"26":{"line":616,"type":"if","locations":[{"start":{"line":616,"column":8},"end":{"line":616,"column":8}},{"start":{"line":616,"column":8},"end":{"line":616,"column":8}}]},"27":{"line":619,"type":"if","locations":[{"start":{"line":619,"column":8},"end":{"line":619,"column":8}},{"start":{"line":619,"column":8},"end":{"line":619,"column":8}}]},"28":{"line":661,"type":"if","locations":[{"start":{"line":661,"column":12},"end":{"line":661,"column":12}},{"start":{"line":661,"column":12},"end":{"line":661,"column":12}}]},"29":{"line":668,"type":"if","locations":[{"start":{"line":668,"column":12},"end":{"line":668,"column":12}},{"start":{"line":668,"column":12},"end":{"line":668,"column":12}}]},"30":{"line":689,"type":"if","locations":[{"start":{"line":689,"column":8},"end":{"line":689,"column":8}},{"start":{"line":689,"column":8},"end":{"line":689,"column":8}}]}}},"contracts\\ControlContractFactory.sol":{"l":{"101":60,"118":2,"142":19,"144":19,"146":19,"148":16,"151":16,"164":19,"166":19,"168":19},"path":"G:\\_projects\\intercoin\\ControlContract\\src\\contracts\\ControlContractFactory.sol","s":{"1":60,"2":2,"3":19,"4":19,"5":19,"6":16,"7":16,"8":19,"9":19,"10":19},"b":{"1":[19,0]},"f":{"1":60,"2":2,"3":19,"4":19},"fnMap":{"1":{"name":"constructor","line":99,"loc":{"start":{"line":93,"column":4},"end":{"line":102,"column":4}}},"2":{"name":"instancesCount","line":113,"loc":{"start":{"line":113,"column":4},"end":{"line":119,"column":4}}},"3":{"name":"produce","line":133,"loc":{"start":{"line":133,"column":4},"end":{"line":153,"column":4}}},"4":{"name":"_produce","line":159,"loc":{"start":{"line":159,"column":4},"end":{"line":169,"column":4}}}},"statementMap":{"1":{"start":{"line":101,"column":8},"end":{"line":101,"column":58}},"2":{"start":{"line":118,"column":8},"end":{"line":118,"column":32}},"3":{"start":{"line":142,"column":8},"end":{"line":142,"column":55}},"4":{"start":{"line":144,"column":8},"end":{"line":144,"column":25}},"5":{"start":{"line":146,"column":8},"end":{"line":146,"column":104}},"6":{"start":{"line":148,"column":8},"end":{"line":148,"column":54}},"7":{"start":{"line":151,"column":8},"end":{"line":151,"column":33}},"8":{"start":{"line":164,"column":8},"end":{"line":164,"column":90}},"9":{"start":{"line":166,"column":8},"end":{"line":166,"column":31}},"10":{"start":{"line":168,"column":8},"end":{"line":168,"column":56}}},"branchMap":{"1":{"line":164,"type":"if","locations":[{"start":{"line":164,"column":8},"end":{"line":164,"column":8}},{"start":{"line":164,"column":8},"end":{"line":164,"column":8}}]}}},"contracts\\ERC20Mintable.sol":{"l":{"26":6,"27":6,"36":14},"path":"G:\\_projects\\intercoin\\ControlContract\\src\\contracts\\ERC20Mintable.sol","s":{"1":6,"2":6,"3":14},"b":{},"f":{"1":6,"2":14},"fnMap":{"1":{"name":"init","line":24,"loc":{"start":{"line":19,"column":4},"end":{"line":28,"column":4}}},"2":{"name":"mint","line":35,"loc":{"start":{"line":35,"column":4},"end":{"line":37,"column":4}}}},"statementMap":{"1":{"start":{"line":26,"column":8},"end":{"line":26,"column":23}},"2":{"start":{"line":27,"column":8},"end":{"line":27,"column":43}},"3":{"start":{"line":36,"column":8},"end":{"line":36,"column":29}}},"branchMap":{}},"contracts\\interfaces\\IControlContract.sol":{"l":{},"path":"G:\\_projects\\intercoin\\ControlContract\\src\\contracts\\interfaces\\IControlContract.sol","s":{},"b":{},"f":{},"fnMap":{},"statementMap":{},"branchMap":{}},"contracts\\lib\\StringUtils.sol":{"l":{"11":0,"12":0,"13":0,"16":0,"26":0,"27":0,"28":0,"30":0,"31":0,"32":0,"34":0,"41":0,"42":0,"43":0,"45":0,"47":0,"49":0,"52":0,"57":2064,"58":1754,"60":310,"61":205,"63":105,"64":105,"70":18,"71":18,"72":18,"73":18,"74":1032,"77":18},"path":"G:\\_projects\\intercoin\\ControlContract\\src\\contracts\\lib\\StringUtils.sol","s":{"1":0,"2":0,"3":0,"4":0,"5":0,"6":0,"7":0,"8":0,"9":0,"10":0,"11":0,"12":0,"13":0,"14":0,"15":0,"16":0,"17":2064,"18":1754,"19":310,"20":205,"21":105,"22":105,"23":18,"24":18,"25":18,"26":18,"27":1032,"28":18},"b":{"1":[0,0],"2":[0,0],"3":[1754,310],"4":[205,105],"5":[105,0],"6":[18,0]},"f":{"1":0,"2":0,"3":0,"4":2064,"5":18},"fnMap":{"1":{"name":"stringToBytes32","line":10,"loc":{"start":{"line":10,"column":4},"end":{"line":19,"column":4}}},"2":{"name":"bytes32ToString","line":25,"loc":{"start":{"line":25,"column":4},"end":{"line":35,"column":4}}},"3":{"name":"_toLower","line":40,"loc":{"start":{"line":40,"column":4},"end":{"line":53,"column":4}}},"4":{"name":"fromHexChar","line":56,"loc":{"start":{"line":56,"column":4},"end":{"line":66,"column":4}}},"5":{"name":"fromHex","line":69,"loc":{"start":{"line":69,"column":4},"end":{"line":78,"column":4}}}},"statementMap":{"1":{"start":{"line":11,"column":8},"end":{"line":11,"column":56}},"2":{"start":{"line":12,"column":8},"end":{"line":12,"column":338}},"3":{"start":{"line":13,"column":12},"end":{"line":13,"column":22}},"4":{"start":{"line":26,"column":8},"end":{"line":26,"column":19}},"5":{"start":{"line":27,"column":8},"end":{"line":27,"column":702}},"6":{"start":{"line":30,"column":8},"end":{"line":30,"column":46}},"7":{"start":{"line":31,"column":8},"end":{"line":31,"column":821}},"8":{"start":{"line":32,"column":12},"end":{"line":32,"column":38}},"9":{"start":{"line":34,"column":8},"end":{"line":34,"column":33}},"10":{"start":{"line":41,"column":8},"end":{"line":41,"column":38}},"11":{"start":{"line":42,"column":8},"end":{"line":42,"column":52}},"12":{"start":{"line":43,"column":8},"end":{"line":43,"column":1199}},"13":{"start":{"line":45,"column":12},"end":{"line":45,"column":1294}},"14":{"start":{"line":47,"column":16},"end":{"line":47,"column":54}},"15":{"start":{"line":49,"column":16},"end":{"line":49,"column":34}},"16":{"start":{"line":52,"column":8},"end":{"line":52,"column":29}},"17":{"start":{"line":57,"column":8},"end":{"line":57,"column":1713}},"18":{"start":{"line":58,"column":12},"end":{"line":58,"column":39}},"19":{"start":{"line":60,"column":8},"end":{"line":60,"column":1838}},"20":{"start":{"line":61,"column":12},"end":{"line":61,"column":44}},"21":{"start":{"line":63,"column":8},"end":{"line":63,"column":1968}},"22":{"start":{"line":64,"column":12},"end":{"line":64,"column":44}},"23":{"start":{"line":70,"column":8},"end":{"line":70,"column":34}},"24":{"start":{"line":71,"column":8},"end":{"line":71,"column":32}},"25":{"start":{"line":72,"column":8},"end":{"line":72,"column":47}},"26":{"start":{"line":73,"column":8},"end":{"line":73,"column":2374}},"27":{"start":{"line":74,"column":12},"end":{"line":74,"column":2468}},"28":{"start":{"line":77,"column":8},"end":{"line":77,"column":16}}},"branchMap":{"1":{"line":12,"type":"if","locations":[{"start":{"line":12,"column":8},"end":{"line":12,"column":8}},{"start":{"line":12,"column":8},"end":{"line":12,"column":8}}]},"2":{"line":45,"type":"if","locations":[{"start":{"line":45,"column":12},"end":{"line":45,"column":12}},{"start":{"line":45,"column":12},"end":{"line":45,"column":12}}]},"3":{"line":57,"type":"if","locations":[{"start":{"line":57,"column":8},"end":{"line":57,"column":8}},{"start":{"line":57,"column":8},"end":{"line":57,"column":8}}]},"4":{"line":60,"type":"if","locations":[{"start":{"line":60,"column":8},"end":{"line":60,"column":8}},{"start":{"line":60,"column":8},"end":{"line":60,"column":8}}]},"5":{"line":63,"type":"if","locations":[{"start":{"line":63,"column":8},"end":{"line":63,"column":8}},{"start":{"line":63,"column":8},"end":{"line":63,"column":8}}]},"6":{"line":71,"type":"if","locations":[{"start":{"line":71,"column":8},"end":{"line":71,"column":8}},{"start":{"line":71,"column":8},"end":{"line":71,"column":8}}]}}},"contracts\\mock\\CommunityMock.sol":{"l":{"26":23,"29":0,"33":31,"34":31,"35":31,"36":31,"50":77,"52":77,"53":77,"57":77,"62":0,"63":0},"path":"G:\\_projects\\intercoin\\ControlContract\\src\\contracts\\mock\\CommunityMock.sol","s":{"1":23,"2":0,"3":31,"4":31,"5":31,"6":31,"7":77,"8":77,"9":77,"10":77,"11":0,"12":0},"b":{},"f":{"1":0,"2":23,"3":0,"4":31,"5":77,"6":0},"fnMap":{"1":{"name":"initialize","line":14,"loc":{"start":{"line":14,"column":4},"end":{"line":23,"column":4}}},"2":{"name":"addressesCount","line":25,"loc":{"start":{"line":25,"column":4},"end":{"line":27,"column":4}}},"3":{"name":"setMemberCount","line":28,"loc":{"start":{"line":28,"column":4},"end":{"line":30,"column":4}}},"4":{"name":"setRoles","line":32,"loc":{"start":{"line":32,"column":4},"end":{"line":40,"column":4}}},"5":{"name":"getRoles","line":42,"loc":{"start":{"line":42,"column":4},"end":{"line":59,"column":4}}},"6":{"name":"getAddresses","line":61,"loc":{"start":{"line":61,"column":4},"end":{"line":64,"column":4}}}},"statementMap":{"1":{"start":{"line":26,"column":8},"end":{"line":26,"column":20}},"2":{"start":{"line":29,"column":8},"end":{"line":29,"column":21}},"3":{"start":{"line":33,"column":8},"end":{"line":33,"column":19}},"4":{"start":{"line":34,"column":8},"end":{"line":34,"column":895}},"5":{"start":{"line":35,"column":12},"end":{"line":35,"column":37}},"6":{"start":{"line":36,"column":12},"end":{"line":36,"column":40}},"7":{"start":{"line":50,"column":8},"end":{"line":50,"column":43}},"8":{"start":{"line":52,"column":8},"end":{"line":52,"column":1442}},"9":{"start":{"line":53,"column":12},"end":{"line":53,"column":38}},"10":{"start":{"line":57,"column":8},"end":{"line":57,"column":19}},"11":{"start":{"line":62,"column":8},"end":{"line":62,"column":51}},"12":{"start":{"line":63,"column":8},"end":{"line":63,"column":19}}},"branchMap":{}},"contracts\\mock\\ControlContractMock.sol":{"l":{"11":5,"18":3,"46":2,"48":1,"57":2,"61":1,"64":1,"67":1,"70":1},"path":"G:\\_projects\\intercoin\\ControlContract\\src\\contracts\\mock\\ControlContractMock.sol","s":{"1":5,"2":3,"3":2,"4":1,"5":2,"6":1,"7":1,"8":1,"9":1},"b":{"1":[1,1]},"f":{"1":5,"2":3,"3":2,"4":2,"5":1,"6":1,"7":1,"8":1},"fnMap":{"1":{"name":"getGroupTimeoutActivity","line":10,"loc":{"start":{"line":10,"column":4},"end":{"line":12,"column":4}}},"2":{"name":"getCurrentGroupIndex","line":17,"loc":{"start":{"line":17,"column":4},"end":{"line":19,"column":4}}},"3":{"name":"setInsideVar","line":43,"loc":{"start":{"line":43,"column":4},"end":{"line":49,"column":4}}},"4":{"name":"getInsideVar","line":51,"loc":{"start":{"line":51,"column":4},"end":{"line":58,"column":4}}},"5":{"name":"transferERC20","line":60,"loc":{"start":{"line":60,"column":4},"end":{"line":62,"column":4}}},"6":{"name":"transferERC1155","line":63,"loc":{"start":{"line":63,"column":4},"end":{"line":65,"column":4}}},"7":{"name":"transferERC777","line":66,"loc":{"start":{"line":66,"column":4},"end":{"line":68,"column":4}}},"8":{"name":"transferERC721","line":69,"loc":{"start":{"line":69,"column":4},"end":{"line":71,"column":4}}}},"statementMap":{"1":{"start":{"line":11,"column":8},"end":{"line":11,"column":35}},"2":{"start":{"line":18,"column":8},"end":{"line":18,"column":32}},"3":{"start":{"line":46,"column":8},"end":{"line":46,"column":77}},"4":{"start":{"line":48,"column":8},"end":{"line":48,"column":21}},"5":{"start":{"line":57,"column":8},"end":{"line":57,"column":25}},"6":{"start":{"line":61,"column":8},"end":{"line":61,"column":52}},"7":{"start":{"line":64,"column":8},"end":{"line":64,"column":85}},"8":{"start":{"line":67,"column":8},"end":{"line":67,"column":52}},"9":{"start":{"line":70,"column":8},"end":{"line":70,"column":76}}},"branchMap":{"1":{"line":46,"type":"if","locations":[{"start":{"line":46,"column":8},"end":{"line":46,"column":8}},{"start":{"line":46,"column":8},"end":{"line":46,"column":8}}]}}},"contracts\\mock\\MockCostManagerBad.sol":{"l":{"16":0},"path":"G:\\_projects\\intercoin\\ControlContract\\src\\contracts\\mock\\MockCostManagerBad.sol","s":{"1":0},"b":{},"f":{"1":0},"fnMap":{"1":{"name":"accountForOperation","line":7,"loc":{"start":{"line":7,"column":5},"end":{"line":17,"column":4}}}},"statementMap":{"1":{"start":{"line":16,"column":8},"end":{"line":16,"column":44}}},"branchMap":{}},"contracts\\mock\\MockCostManagerGood.sol":{"l":{"16":0},"path":"G:\\_projects\\intercoin\\ControlContract\\src\\contracts\\mock\\MockCostManagerGood.sol","s":{"1":0},"b":{},"f":{"1":0},"fnMap":{"1":{"name":"accountForOperation","line":7,"loc":{"start":{"line":7,"column":5},"end":{"line":17,"column":4}}}},"statementMap":{"1":{"start":{"line":16,"column":8},"end":{"line":16,"column":20}}},"branchMap":{}},"contracts\\mock\\MockReleaseManager.sol":{"l":{},"path":"G:\\_projects\\intercoin\\ControlContract\\src\\contracts\\mock\\MockReleaseManager.sol","s":{},"b":{},"f":{},"fnMap":{},"statementMap":{},"branchMap":{}},"contracts\\mock\\MockReleaseManagerFactory.sol":{"l":{},"path":"G:\\_projects\\intercoin\\ControlContract\\src\\contracts\\mock\\MockReleaseManagerFactory.sol","s":{},"b":{},"f":{"1":60},"fnMap":{"1":{"name":"constructor","line":7,"loc":{"start":{"line":7,"column":4},"end":{"line":9,"column":4}}}},"statementMap":{},"branchMap":{}},"contracts\\mock\\SomeExternalMock.sol":{"l":{"9":2,"13":5,"18":2,"22":0,"24":0,"28":0},"path":"G:\\_projects\\intercoin\\ControlContract\\src\\contracts\\mock\\SomeExternalMock.sol","s":{"1":5,"2":2,"3":0,"4":0,"5":0},"b":{},"f":{"1":2,"2":5,"3":2,"4":0,"5":0},"fnMap":{"1":{"name":"counter","line":8,"loc":{"start":{"line":8,"column":4},"end":{"line":10,"column":4}}},"2":{"name":"viewCounter","line":12,"loc":{"start":{"line":12,"column":4},"end":{"line":14,"column":4}}},"3":{"name":"returnFuncSignatureHexadecimalString","line":16,"loc":{"start":{"line":16,"column":4},"end":{"line":19,"column":4}}},"4":{"name":"getNumber","line":21,"loc":{"start":{"line":21,"column":4},"end":{"line":26,"column":4}}},"5":{"name":"getHash","line":27,"loc":{"start":{"line":27,"column":4},"end":{"line":31,"column":4}}}},"statementMap":{"1":{"start":{"line":13,"column":8},"end":{"line":13,"column":29}},"2":{"start":{"line":18,"column":8},"end":{"line":18,"column":25}},"3":{"start":{"line":22,"column":8},"end":{"line":22,"column":50}},"4":{"start":{"line":24,"column":8},"end":{"line":24,"column":81}},"5":{"start":{"line":28,"column":8},"end":{"line":28,"column":41}}},"branchMap":{}},"contracts\\mock\\tokens\\MockERC1155.sol":{"l":{"7":1},"path":"G:\\_projects\\intercoin\\ControlContract\\src\\contracts\\mock\\tokens\\MockERC1155.sol","s":{"1":1},"b":{},"f":{"1":12,"2":1},"fnMap":{"1":{"name":"constructor","line":5,"loc":{"start":{"line":5,"column":4},"end":{"line":5,"column":39}}},"2":{"name":"mint","line":6,"loc":{"start":{"line":6,"column":4},"end":{"line":8,"column":4}}}},"statementMap":{"1":{"start":{"line":7,"column":8},"end":{"line":7,"column":37}}},"branchMap":{}},"contracts\\mock\\tokens\\MockERC20.sol":{"l":{"10":1},"path":"G:\\_projects\\intercoin\\ControlContract\\src\\contracts\\mock\\tokens\\MockERC20.sol","s":{"1":1},"b":{},"f":{"1":12,"2":1},"fnMap":{"1":{"name":"constructor","line":6,"loc":{"start":{"line":6,"column":4},"end":{"line":7,"column":4}}},"2":{"name":"mint","line":9,"loc":{"start":{"line":9,"column":4},"end":{"line":11,"column":4}}}},"statementMap":{"1":{"start":{"line":10,"column":8},"end":{"line":10,"column":29}}},"branchMap":{}},"contracts\\mock\\tokens\\MockERC721.sol":{"l":{"8":1},"path":"G:\\_projects\\intercoin\\ControlContract\\src\\contracts\\mock\\tokens\\MockERC721.sol","s":{"1":1},"b":{},"f":{"1":12,"2":1},"fnMap":{"1":{"name":"constructor","line":5,"loc":{"start":{"line":5,"column":4},"end":{"line":6,"column":4}}},"2":{"name":"mint","line":7,"loc":{"start":{"line":7,"column":4},"end":{"line":9,"column":4}}}},"statementMap":{"1":{"start":{"line":8,"column":8},"end":{"line":8,"column":30}}},"branchMap":{}},"contracts\\mock\\tokens\\MockERC777.sol":{"l":{"8":1},"path":"G:\\_projects\\intercoin\\ControlContract\\src\\contracts\\mock\\tokens\\MockERC777.sol","s":{"1":1},"b":{},"f":{"1":12,"2":1},"fnMap":{"1":{"name":"constructor","line":5,"loc":{"start":{"line":5,"column":4},"end":{"line":6,"column":4}}},"2":{"name":"mint","line":7,"loc":{"start":{"line":7,"column":4},"end":{"line":9,"column":4}}}},"statementMap":{"1":{"start":{"line":8,"column":8},"end":{"line":8,"column":43}}},"branchMap":{}}}