TN:
SF:G:\_projects\intercoin\ControlContract\src\contracts\ControlContract.sol
FN:139,canInvoke
FN:179,tokensReceived
FN:190,tokensToSend
FN:201,onERC1155Received
FN:211,onERC1155BatchReceived
FN:224,supportsInterface
FN:251,init
FN:326,invoke
FN:363,endorse
FN:391,addMethod
FN:431,heartbeat
FN:504,getExpectGroupIndex
FN:520,_getExpectGroupIndex
FN:544,_endorse
FN:602,execute
FN:607,_execute
FN:645,getEndorsedRoles
FN:683,roleAdd
FN:702,roleExists
FN:716,generateInvokeID
FNF:20
FNH:17
FNDA:11,canInvoke
FNDA:1,tokensReceived
FNDA:1,tokensToSend
FNDA:1,onERC1155Received
FNDA:0,onERC1155BatchReceived
FNDA:0,supportsInterface
FNDA:18,init
FNDA:11,invoke
FNDA:7,endorse
FNDA:11,addMethod
FNDA:38,heartbeat
FNDA:4,getExpectGroupIndex
FNDA:42,_getExpectGroupIndex
FNDA:25,_endorse
FNDA:0,execute
FNDA:17,_execute
FNDA:22,getEndorsedRoles
FNDA:40,roleAdd
FNDA:53,roleExists
FNDA:8,generateInvokeID
DA:145,11
DA:146,11
DA:147,11
DA:148,11
DA:149,11
DA:150,11
DA:151,11
DA:152,11
DA:155,11
DA:156,0
DA:158,11
DA:174,18
DA:175,18
DA:176,18
DA:208,1
DA:218,0
DA:225,0
DA:253,18
DA:254,18
DA:256,18
DA:257,18
DA:259,18
DA:260,18
DA:261,18
DA:271,18
DA:274,1
DA:276,17
DA:277,1
DA:280,16
DA:281,16
DA:282,16
DA:284,21
DA:289,1
DA:292,20
DA:293,20
DA:294,20
DA:295,20
DA:300,15
DA:301,15
DA:302,15
DA:303,15
DA:305,15
DA:329,11
DA:330,11
DA:331,0
DA:334,11
DA:336,8
DA:337,8
DA:339,8
DA:341,8
DA:343,8
DA:344,8
DA:345,8
DA:346,8
DA:347,8
DA:349,8
DA:351,8
DA:368,7
DA:369,7
DA:393,11
DA:395,11
DA:396,0
DA:400,11
DA:403,4
DA:405,1
DA:409,10
DA:410,10
DA:411,10
DA:412,10
DA:413,10
DA:414,10
DA:415,10
DA:417,10
DA:436,38
DA:437,38
DA:438,38
DA:439,38
DA:441,38
DA:442,38
DA:443,49
DA:444,49
DA:448,38
DA:453,38
DA:454,38
DA:455,49
DA:456,49
DA:461,38
DA:462,38
DA:467,38
DA:469,38
DA:470,38
DA:472,38
DA:473,42
DA:474,42
DA:475,35
DA:476,35
DA:477,35
DA:480,42
DA:481,35
DA:485,38
DA:486,3
DA:489,35
DA:490,6
DA:492,35
DA:493,35
DA:495,35
DA:510,4
DA:526,42
DA:527,42
DA:528,6
DA:531,6
DA:532,2
DA:546,25
DA:548,25
DA:550,22
DA:551,22
DA:552,0
DA:555,22
DA:556,1
DA:559,21
DA:560,0
DA:563,21
DA:565,21
DA:567,21
DA:568,21
DA:569,21
DA:571,21
DA:572,21
DA:573,21
DA:574,21
DA:577,21
DA:579,17
DA:581,17
DA:582,17
DA:584,15
DA:589,19
DA:604,0
DA:612,17
DA:613,17
DA:614,0
DA:616,17
DA:617,0
DA:619,17
DA:620,0
DA:622,17
DA:633,15
DA:654,22
DA:655,22
DA:657,22
DA:658,22
DA:660,22
DA:661,22
DA:662,22
DA:665,22
DA:666,22
DA:667,22
DA:668,22
DA:669,22
DA:670,22
DA:673,22
DA:689,40
DA:690,40
DA:691,40
DA:692,40
DA:694,0
DA:709,53
DA:722,8
LF:167
LH:155
BRDA:151,1,0,11
BRDA:151,1,1,0
BRDA:155,2,0,0
BRDA:155,2,1,11
BRDA:271,3,0,1
BRDA:271,3,1,17
BRDA:276,4,0,1
BRDA:276,4,1,16
BRDA:284,5,0,1
BRDA:284,5,1,20
BRDA:330,6,0,0
BRDA:330,6,1,11
BRDA:395,7,0,0
BRDA:395,7,1,11
BRDA:400,8,0,7
BRDA:400,8,1,4
BRDA:403,9,0,3
BRDA:403,9,1,1
BRDA:444,10,0,38
BRDA:444,10,1,11
BRDA:456,11,0,38
BRDA:456,11,1,11
BRDA:474,12,0,35
BRDA:474,12,1,7
BRDA:480,13,0,35
BRDA:480,13,1,7
BRDA:485,14,0,3
BRDA:485,14,1,35
BRDA:489,15,0,6
BRDA:489,15,1,29
BRDA:527,16,0,6
BRDA:527,16,1,36
BRDA:531,17,0,2
BRDA:531,17,1,4
BRDA:548,18,0,3
BRDA:548,18,1,22
BRDA:551,19,0,0
BRDA:551,19,1,22
BRDA:555,20,0,1
BRDA:555,20,1,21
BRDA:559,21,0,0
BRDA:559,21,1,21
BRDA:573,22,0,21
BRDA:573,22,1,0
BRDA:577,23,0,17
BRDA:577,23,1,4
BRDA:581,24,0,17
BRDA:581,24,1,0
BRDA:613,25,0,0
BRDA:613,25,1,17
BRDA:616,26,0,0
BRDA:616,26,1,17
BRDA:619,27,0,0
BRDA:619,27,1,17
BRDA:661,28,0,22
BRDA:661,28,1,0
BRDA:668,29,0,22
BRDA:668,29,1,0
BRDA:689,30,0,40
BRDA:689,30,1,0
BRF:60
BRH:46
end_of_record
TN:
SF:G:\_projects\intercoin\ControlContract\src\contracts\ControlContractFactory.sol
FN:99,constructor
FN:113,instancesCount
FN:133,produce
FN:159,_produce
FNF:4
FNH:4
FNDA:57,constructor
FNDA:2,instancesCount
FNDA:18,produce
FNDA:18,_produce
DA:101,57
DA:118,2
DA:142,18
DA:144,18
DA:146,18
DA:148,15
DA:151,15
DA:164,18
DA:166,18
DA:168,18
LF:10
LH:10
BRDA:164,1,0,18
BRDA:164,1,1,0
BRF:2
BRH:1
end_of_record
TN:
SF:G:\_projects\intercoin\ControlContract\src\contracts\ERC20Mintable.sol
FN:24,init
FN:35,mint
FNF:2
FNH:2
FNDA:6,init
FNDA:14,mint
DA:26,6
DA:27,6
DA:36,14
LF:3
LH:3
BRF:0
BRH:0
end_of_record
TN:
SF:G:\_projects\intercoin\ControlContract\src\contracts\interfaces\IControlContract.sol
FNF:0
FNH:0
LF:0
LH:0
BRF:0
BRH:0
end_of_record
TN:
SF:G:\_projects\intercoin\ControlContract\src\contracts\lib\StringUtils.sol
FN:10,stringToBytes32
FN:25,bytes32ToString
FN:40,_toLower
FN:56,fromHexChar
FN:69,fromHex
FNF:5
FNH:2
FNDA:0,stringToBytes32
FNDA:0,bytes32ToString
FNDA:0,_toLower
FNDA:2056,fromHexChar
FNDA:17,fromHex
DA:11,0
DA:12,0
DA:13,0
DA:16,0
DA:26,0
DA:27,0
DA:28,0
DA:30,0
DA:31,0
DA:32,0
DA:34,0
DA:41,0
DA:42,0
DA:43,0
DA:45,0
DA:47,0
DA:49,0
DA:52,0
DA:57,2056
DA:58,1749
DA:60,307
DA:61,202
DA:63,105
DA:64,105
DA:70,17
DA:71,17
DA:72,17
DA:73,17
DA:74,1028
DA:77,17
LF:30
LH:12
BRDA:12,1,0,0
BRDA:12,1,1,0
BRDA:45,2,0,0
BRDA:45,2,1,0
BRDA:57,3,0,1749
BRDA:57,3,1,307
BRDA:60,4,0,202
BRDA:60,4,1,105
BRDA:63,5,0,105
BRDA:63,5,1,0
BRDA:71,6,0,17
BRDA:71,6,1,0
BRF:12
BRH:6
end_of_record
TN:
SF:G:\_projects\intercoin\ControlContract\src\contracts\mock\CommunityMock.sol
FN:14,initialize
FN:25,addressesCount
FN:28,setMemberCount
FN:32,setRoles
FN:42,getRoles
FN:61,getAddresses
FNF:6
FNH:3
FNDA:0,initialize
FNDA:21,addressesCount
FNDA:0,setMemberCount
FNDA:28,setRoles
FNDA:71,getRoles
FNDA:0,getAddresses
DA:26,21
DA:29,0
DA:33,28
DA:34,28
DA:35,28
DA:36,28
DA:50,71
DA:52,71
DA:53,71
DA:57,71
DA:62,0
DA:63,0
LF:12
LH:9
BRF:0
BRH:0
end_of_record
TN:
SF:G:\_projects\intercoin\ControlContract\src\contracts\mock\ControlContractMock.sol
FN:10,getGroupTimeoutActivity
FN:17,getCurrentGroupIndex
FN:43,setInsideVar
FN:51,getInsideVar
FN:60,transferERC20
FN:63,transferERC1155
FN:66,transferERC777
FN:69,transferERC721
FNF:8
FNH:8
FNDA:5,getGroupTimeoutActivity
FNDA:3,getCurrentGroupIndex
FNDA:2,setInsideVar
FNDA:2,getInsideVar
FNDA:1,transferERC20
FNDA:1,transferERC1155
FNDA:1,transferERC777
FNDA:1,transferERC721
DA:11,5
DA:18,3
DA:46,2
DA:48,1
DA:57,2
DA:61,1
DA:64,1
DA:67,1
DA:70,1
LF:9
LH:9
BRDA:46,1,0,1
BRDA:46,1,1,1
BRF:2
BRH:2
end_of_record
TN:
SF:G:\_projects\intercoin\ControlContract\src\contracts\mock\MockCostManagerBad.sol
FN:7,accountForOperation
FNF:1
FNH:0
FNDA:0,accountForOperation
DA:16,0
LF:1
LH:0
BRF:0
BRH:0
end_of_record
TN:
SF:G:\_projects\intercoin\ControlContract\src\contracts\mock\MockCostManagerGood.sol
FN:7,accountForOperation
FNF:1
FNH:0
FNDA:0,accountForOperation
DA:16,0
LF:1
LH:0
BRF:0
BRH:0
end_of_record
TN:
SF:G:\_projects\intercoin\ControlContract\src\contracts\mock\MockReleaseManager.sol
FNF:0
FNH:0
LF:0
LH:0
BRF:0
BRH:0
end_of_record
TN:
SF:G:\_projects\intercoin\ControlContract\src\contracts\mock\MockReleaseManagerFactory.sol
FN:7,constructor
FNF:1
FNH:1
FNDA:57,constructor
LF:0
LH:0
BRF:0
BRH:0
end_of_record
TN:
SF:G:\_projects\intercoin\ControlContract\src\contracts\mock\SomeExternalMock.sol
FN:8,counter
FN:12,viewCounter
FN:16,returnFuncSignatureHexadecimalString
FN:21,getNumber
FN:27,getHash
FNF:5
FNH:3
FNDA:1,counter
FNDA:2,viewCounter
FNDA:1,returnFuncSignatureHexadecimalString
FNDA:0,getNumber
FNDA:0,getHash
DA:9,1
DA:13,2
DA:18,1
DA:22,0
DA:24,0
DA:28,0
LF:6
LH:3
BRF:0
BRH:0
end_of_record
TN:
SF:G:\_projects\intercoin\ControlContract\src\contracts\mock\tokens\MockERC1155.sol
FN:5,constructor
FN:6,mint
FNF:2
FNH:2
FNDA:12,constructor
FNDA:1,mint
DA:7,1
LF:1
LH:1
BRF:0
BRH:0
end_of_record
TN:
SF:G:\_projects\intercoin\ControlContract\src\contracts\mock\tokens\MockERC20.sol
FN:6,constructor
FN:9,mint
FNF:2
FNH:2
FNDA:12,constructor
FNDA:1,mint
DA:10,1
LF:1
LH:1
BRF:0
BRH:0
end_of_record
TN:
SF:G:\_projects\intercoin\ControlContract\src\contracts\mock\tokens\MockERC721.sol
FN:5,constructor
FN:7,mint
FNF:2
FNH:2
FNDA:12,constructor
FNDA:1,mint
DA:8,1
LF:1
LH:1
BRF:0
BRH:0
end_of_record
TN:
SF:G:\_projects\intercoin\ControlContract\src\contracts\mock\tokens\MockERC777.sol
FN:5,constructor
FN:7,mint
FNF:2
FNH:2
FNDA:12,constructor
FNDA:1,mint
DA:8,1
LF:1
LH:1
BRF:0
BRH:0
end_of_record
