TN:
SF:G:\_projects\intercoin\ControlContract\src\contracts\ControlContract.sol
FN:139,canInvoke
FN:179,tokensReceived
FN:190,tokensToSend
FN:201,onERC1155Received
FN:211,onERC1155BatchReceived
FN:224,supportsInterface
FN:251,init
FN:326,invoke
FN:363,endorse
FN:391,addMethod
FN:431,heartbeat
FN:504,getExpectGroupIndex
FN:520,_getExpectGroupIndex
FN:544,_endorse
FN:602,execute
FN:607,_execute
FN:645,getEndorsedRoles
FN:683,roleAdd
FN:702,roleExists
FN:716,generateInvokeID
FNF:20
FNH:18
FNDA:12,canInvoke
FNDA:1,tokensReceived
FNDA:1,tokensToSend
FNDA:1,onERC1155Received
FNDA:0,onERC1155BatchReceived
FNDA:0,supportsInterface
FNDA:19,init
FNDA:12,invoke
FNDA:9,endorse
FNDA:12,addMethod
FNDA:41,heartbeat
FNDA:4,getExpectGroupIndex
FNDA:45,_getExpectGroupIndex
FNDA:27,_endorse
FNDA:1,execute
FNDA:18,_execute
FNDA:24,getEndorsedRoles
FNDA:42,roleAdd
FNDA:56,roleExists
FNDA:9,generateInvokeID
DA:145,12
DA:146,12
DA:147,12
DA:148,12
DA:149,12
DA:150,12
DA:151,12
DA:152,12
DA:155,12
DA:156,0
DA:158,12
DA:174,18
DA:175,18
DA:176,18
DA:208,1
DA:218,0
DA:225,0
DA:253,19
DA:254,19
DA:256,19
DA:257,19
DA:259,19
DA:260,19
DA:261,19
DA:271,19
DA:274,1
DA:276,18
DA:277,1
DA:280,17
DA:281,17
DA:282,17
DA:284,22
DA:289,1
DA:292,21
DA:293,21
DA:294,21
DA:295,21
DA:300,16
DA:301,16
DA:302,16
DA:303,16
DA:305,16
DA:329,12
DA:330,12
DA:331,0
DA:334,12
DA:336,9
DA:337,9
DA:339,9
DA:341,9
DA:343,9
DA:344,9
DA:345,9
DA:346,9
DA:347,9
DA:349,9
DA:351,9
DA:368,9
DA:369,9
DA:393,12
DA:395,12
DA:396,0
DA:400,12
DA:403,4
DA:405,1
DA:409,11
DA:410,11
DA:411,11
DA:412,11
DA:413,11
DA:414,11
DA:415,11
DA:417,11
DA:436,41
DA:437,41
DA:438,41
DA:439,41
DA:441,41
DA:442,41
DA:443,52
DA:444,52
DA:448,41
DA:453,41
DA:454,41
DA:455,52
DA:456,52
DA:461,41
DA:462,41
DA:467,41
DA:469,41
DA:470,41
DA:472,41
DA:473,45
DA:474,45
DA:475,38
DA:476,38
DA:477,38
DA:480,45
DA:481,38
DA:485,41
DA:486,3
DA:489,38
DA:490,6
DA:492,38
DA:493,38
DA:495,38
DA:510,4
DA:526,45
DA:527,45
DA:528,6
DA:531,6
DA:532,2
DA:546,27
DA:548,27
DA:550,24
DA:551,24
DA:552,0
DA:555,24
DA:556,1
DA:559,23
DA:560,0
DA:563,23
DA:565,23
DA:567,23
DA:568,23
DA:569,23
DA:571,23
DA:572,23
DA:573,23
DA:574,23
DA:577,23
DA:579,18
DA:581,18
DA:582,17
DA:584,16
DA:589,21
DA:604,1
DA:612,18
DA:613,18
DA:614,0
DA:616,18
DA:617,0
DA:619,18
DA:620,0
DA:622,18
DA:633,16
DA:654,24
DA:655,24
DA:657,24
DA:658,24
DA:660,24
DA:661,24
DA:662,24
DA:665,24
DA:666,24
DA:667,24
DA:668,24
DA:669,24
DA:670,24
DA:673,24
DA:689,42
DA:690,42
DA:691,42
DA:692,42
DA:694,0
DA:709,56
DA:722,9
LF:167
LH:156
BRDA:151,1,0,12
BRDA:151,1,1,0
BRDA:155,2,0,0
BRDA:155,2,1,12
BRDA:271,3,0,1
BRDA:271,3,1,18
BRDA:276,4,0,1
BRDA:276,4,1,17
BRDA:284,5,0,1
BRDA:284,5,1,21
BRDA:330,6,0,0
BRDA:330,6,1,12
BRDA:395,7,0,0
BRDA:395,7,1,12
BRDA:400,8,0,8
BRDA:400,8,1,4
BRDA:403,9,0,3
BRDA:403,9,1,1
BRDA:444,10,0,41
BRDA:444,10,1,11
BRDA:456,11,0,41
BRDA:456,11,1,11
BRDA:474,12,0,38
BRDA:474,12,1,7
BRDA:480,13,0,38
BRDA:480,13,1,7
BRDA:485,14,0,3
BRDA:485,14,1,38
BRDA:489,15,0,6
BRDA:489,15,1,32
BRDA:527,16,0,6
BRDA:527,16,1,39
BRDA:531,17,0,2
BRDA:531,17,1,4
BRDA:548,18,0,3
BRDA:548,18,1,24
BRDA:551,19,0,0
BRDA:551,19,1,24
BRDA:555,20,0,1
BRDA:555,20,1,23
BRDA:559,21,0,0
BRDA:559,21,1,23
BRDA:573,22,0,23
BRDA:573,22,1,0
BRDA:577,23,0,18
BRDA:577,23,1,5
BRDA:581,24,0,17
BRDA:581,24,1,1
BRDA:613,25,0,0
BRDA:613,25,1,18
BRDA:616,26,0,0
BRDA:616,26,1,18
BRDA:619,27,0,0
BRDA:619,27,1,18
BRDA:661,28,0,24
BRDA:661,28,1,0
BRDA:668,29,0,24
BRDA:668,29,1,0
BRDA:689,30,0,42
BRDA:689,30,1,0
BRF:60
BRH:47
end_of_record
TN:
SF:G:\_projects\intercoin\ControlContract\src\contracts\ControlContractFactory.sol
FN:99,constructor
FN:113,instancesCount
FN:133,produce
FN:159,_produce
FNF:4
FNH:4
FNDA:60,constructor
FNDA:2,instancesCount
FNDA:19,produce
FNDA:19,_produce
DA:101,60
DA:118,2
DA:142,19
DA:144,19
DA:146,19
DA:148,16
DA:151,16
DA:164,19
DA:166,19
DA:168,19
LF:10
LH:10
BRDA:164,1,0,19
BRDA:164,1,1,0
BRF:2
BRH:1
end_of_record
TN:
SF:G:\_projects\intercoin\ControlContract\src\contracts\ERC20Mintable.sol
FN:24,init
FN:35,mint
FNF:2
FNH:2
FNDA:6,init
FNDA:14,mint
DA:26,6
DA:27,6
DA:36,14
LF:3
LH:3
BRF:0
BRH:0
end_of_record
TN:
SF:G:\_projects\intercoin\ControlContract\src\contracts\interfaces\IControlContract.sol
FNF:0
FNH:0
LF:0
LH:0
BRF:0
BRH:0
end_of_record
TN:
SF:G:\_projects\intercoin\ControlContract\src\contracts\lib\StringUtils.sol
FN:10,stringToBytes32
FN:25,bytes32ToString
FN:40,_toLower
FN:56,fromHexChar
FN:69,fromHex
FNF:5
FNH:2
FNDA:0,stringToBytes32
FNDA:0,bytes32ToString
FNDA:0,_toLower
FNDA:2064,fromHexChar
FNDA:18,fromHex
DA:11,0
DA:12,0
DA:13,0
DA:16,0
DA:26,0
DA:27,0
DA:28,0
DA:30,0
DA:31,0
DA:32,0
DA:34,0
DA:41,0
DA:42,0
DA:43,0
DA:45,0
DA:47,0
DA:49,0
DA:52,0
DA:57,2064
DA:58,1754
DA:60,310
DA:61,205
DA:63,105
DA:64,105
DA:70,18
DA:71,18
DA:72,18
DA:73,18
DA:74,1032
DA:77,18
LF:30
LH:12
BRDA:12,1,0,0
BRDA:12,1,1,0
BRDA:45,2,0,0
BRDA:45,2,1,0
BRDA:57,3,0,1754
BRDA:57,3,1,310
BRDA:60,4,0,205
BRDA:60,4,1,105
BRDA:63,5,0,105
BRDA:63,5,1,0
BRDA:71,6,0,18
BRDA:71,6,1,0
BRF:12
BRH:6
end_of_record
TN:
SF:G:\_projects\intercoin\ControlContract\src\contracts\mock\CommunityMock.sol
FN:14,initialize
FN:25,addressesCount
FN:28,setMemberCount
FN:32,setRoles
FN:42,getRoles
FN:61,getAddresses
FNF:6
FNH:3
FNDA:0,initialize
FNDA:23,addressesCount
FNDA:0,setMemberCount
FNDA:31,setRoles
FNDA:77,getRoles
FNDA:0,getAddresses
DA:26,23
DA:29,0
DA:33,31
DA:34,31
DA:35,31
DA:36,31
DA:50,77
DA:52,77
DA:53,77
DA:57,77
DA:62,0
DA:63,0
LF:12
LH:9
BRF:0
BRH:0
end_of_record
TN:
SF:G:\_projects\intercoin\ControlContract\src\contracts\mock\ControlContractMock.sol
FN:10,getGroupTimeoutActivity
FN:17,getCurrentGroupIndex
FN:43,setInsideVar
FN:51,getInsideVar
FN:60,transferERC20
FN:63,transferERC1155
FN:66,transferERC777
FN:69,transferERC721
FNF:8
FNH:8
FNDA:5,getGroupTimeoutActivity
FNDA:3,getCurrentGroupIndex
FNDA:2,setInsideVar
FNDA:2,getInsideVar
FNDA:1,transferERC20
FNDA:1,transferERC1155
FNDA:1,transferERC777
FNDA:1,transferERC721
DA:11,5
DA:18,3
DA:46,2
DA:48,1
DA:57,2
DA:61,1
DA:64,1
DA:67,1
DA:70,1
LF:9
LH:9
BRDA:46,1,0,1
BRDA:46,1,1,1
BRF:2
BRH:2
end_of_record
TN:
SF:G:\_projects\intercoin\ControlContract\src\contracts\mock\MockCostManagerBad.sol
FN:7,accountForOperation
FNF:1
FNH:0
FNDA:0,accountForOperation
DA:16,0
LF:1
LH:0
BRF:0
BRH:0
end_of_record
TN:
SF:G:\_projects\intercoin\ControlContract\src\contracts\mock\MockCostManagerGood.sol
FN:7,accountForOperation
FNF:1
FNH:0
FNDA:0,accountForOperation
DA:16,0
LF:1
LH:0
BRF:0
BRH:0
end_of_record
TN:
SF:G:\_projects\intercoin\ControlContract\src\contracts\mock\MockReleaseManager.sol
FNF:0
FNH:0
LF:0
LH:0
BRF:0
BRH:0
end_of_record
TN:
SF:G:\_projects\intercoin\ControlContract\src\contracts\mock\MockReleaseManagerFactory.sol
FN:7,constructor
FNF:1
FNH:1
FNDA:60,constructor
LF:0
LH:0
BRF:0
BRH:0
end_of_record
TN:
SF:G:\_projects\intercoin\ControlContract\src\contracts\mock\SomeExternalMock.sol
FN:8,counter
FN:12,viewCounter
FN:16,returnFuncSignatureHexadecimalString
FN:21,getNumber
FN:27,getHash
FNF:5
FNH:3
FNDA:2,counter
FNDA:5,viewCounter
FNDA:2,returnFuncSignatureHexadecimalString
FNDA:0,getNumber
FNDA:0,getHash
DA:9,2
DA:13,5
DA:18,2
DA:22,0
DA:24,0
DA:28,0
LF:6
LH:3
BRF:0
BRH:0
end_of_record
TN:
SF:G:\_projects\intercoin\ControlContract\src\contracts\mock\tokens\MockERC1155.sol
FN:5,constructor
FN:6,mint
FNF:2
FNH:2
FNDA:12,constructor
FNDA:1,mint
DA:7,1
LF:1
LH:1
BRF:0
BRH:0
end_of_record
TN:
SF:G:\_projects\intercoin\ControlContract\src\contracts\mock\tokens\MockERC20.sol
FN:6,constructor
FN:9,mint
FNF:2
FNH:2
FNDA:12,constructor
FNDA:1,mint
DA:10,1
LF:1
LH:1
BRF:0
BRH:0
end_of_record
TN:
SF:G:\_projects\intercoin\ControlContract\src\contracts\mock\tokens\MockERC721.sol
FN:5,constructor
FN:7,mint
FNF:2
FNH:2
FNDA:12,constructor
FNDA:1,mint
DA:8,1
LF:1
LH:1
BRF:0
BRH:0
end_of_record
TN:
SF:G:\_projects\intercoin\ControlContract\src\contracts\mock\tokens\MockERC777.sol
FN:5,constructor
FN:7,mint
FNF:2
FNH:2
FNDA:12,constructor
FNDA:1,mint
DA:8,1
LF:1
LH:1
BRF:0
BRH:0
end_of_record
